<?xml version="1.0" encoding="UTF-8"?>
<testng-results skipped="0" failed="0" ignored="0" total="1" passed="1">
  <reporter-output>
  </reporter-output>
  <suite name="Default suite" duration-ms="185" started-at="2021-12-04T08:07:02Z" finished-at="2021-12-04T08:07:02Z">
    <groups>
    </groups>
    <test name="Default test" duration-ms="185" started-at="2021-12-04T08:07:02Z" finished-at="2021-12-04T08:07:02Z">
      <class name="com.tests.LoginTest">
        <test-method status="PASS" signature="setup()[pri:0, instance:com.tests.LoginTest@18eed359]" name="setup" is-config="true" duration-ms="12384" started-at="2021-12-04T08:06:50Z" finished-at="2021-12-04T08:07:02Z">
          <reporter-output>
          </reporter-output>
        </test-method> <!-- setup -->
        <test-method status="PASS" signature="test01()[pri:0, instance:com.tests.LoginTest@18eed359]" name="test01" duration-ms="73" started-at="2021-12-04T08:07:02Z" finished-at="2021-12-04T08:07:02Z">
          <reporter-output>
          </reporter-output>
        </test-method> <!-- test01 -->
      </class> <!-- com.tests.LoginTest -->
    </test> <!-- Default test -->
  </suite> <!-- Default suite -->
</testng-results>
